[1016/142530.558:ERROR:directory_reader_win.cc(43)] FindFirstFile: O sistema nï¿½o pode encontrar o caminho especificado. (0x3)
[1007/120635.688:ERROR:crash_report_database_win.cc(469)] failed to stat report
[1007/121010.861:ERROR:crash_report_database_win.cc(469)] failed to stat report
[1007/121331.418:ERROR:crash_report_database_win.cc(469)] failed to stat report
[1016/161652.498:ERROR:directory_reader_win.cc(43)] FindFirstFile: O sistema nï¿½o pode encontrar o caminho especificado. (0x3)
[1019/172158.346:ERROR:directory_reader_win.cc(43)] FindFirstFile: O sistema não pode encontrar o caminho especificado. (0x3)
[1022/160116.895:ERROR:directory_reader_win.cc(43)] FindFirstFile: O sistema não pode encontrar o caminho especificado. (0x3)
[1022/190043.563:ERROR:process_reader_win.cc(123)] NtOpenThread: {Acesso Negado} Um processo solicitou acesso a um objeto, mas o direito de acesso não lhe foi concedido. (0xc0000022)
[1022/190043.560:ERROR:process_reader_win.cc(123)] NtOpenThread: {Acesso Negado} Um processo solicitou acesso a um objeto, mas o direito de acesso não lhe foi concedido. (0xc0000022)
[1022/190043.560:ERROR:process_reader_win.cc(123)] NtOpenThread: {Acesso Negado} Um processo solicitou acesso a um objeto, mas o direito de acesso não lhe foi concedido. (0xc0000022)
[1022/190043.573:ERROR:process_reader_win.cc(123)] NtOpenThread: {Acesso Negado} Um processo solicitou acesso a um objeto, mas o direito de acesso não lhe foi concedido. (0xc0000022)
[1022/190043.787:ERROR:exception_snapshot_win.cc(99)] thread ID 12004 not found in process
[1022/190043.787:ERROR:exception_snapshot_win.cc(99)] thread ID 13772 not found in process
[1022/190043.787:ERROR:exception_snapshot_win.cc(99)] thread ID 11960 not found in process
[1022/190043.787:ERROR:exception_snapshot_win.cc(99)] thread ID 7380 not found in process
<<<<<<< HEAD
[1028/161531.937:ERROR:directory_reader_win.cc(43)] FindFirstFile: O sistema não pode encontrar o caminho especificado. (0x3)
=======
[1105/152138.557:ERROR:directory_reader_win.cc(43)] FindFirstFile: O sistema não pode encontrar o caminho especificado. (0x3)
>>>>>>> 9c731aa... Update debug.log
[1114/145616.331:ERROR:directory_reader_win.cc(43)] FindFirstFile: O sistema não pode encontrar o caminho especificado. (0x3)
[1117/173736.600:ERROR:directory_reader_win.cc(43)] FindFirstFile: O sistema não pode encontrar o caminho especificado. (0x3)
[1119/201624.631:ERROR:directory_reader_win.cc(43)] FindFirstFile: O sistema não pode encontrar o caminho especificado. (0x3)
[1119/221707.495:ERROR:directory_reader_win.cc(43)] FindFirstFile: O sistema não pode encontrar o caminho especificado. (0x3)
